<?xml version="1.0" encoding="UTF-8"?>
<!-- Generated by org.testng.reporters.JUnitXMLReporter -->
<testsuite ignored="0" hostname="DESKTOP-2RIICMC" failures="0" tests="11" name="Default test" time="22.629" errors="0" timestamp="2024-08-21T11:15:29 EET">
  <testcase classname="homePage.myTestcases" name="CheckTheDefaultLangugeIsEnglish" time="0.058"/>
  <testcase classname="homePage.myTestcases" name="CheckdefaultCurrency" time="0.061"/>
  <testcase classname="homePage.myTestcases" name="CheckContactNumber" time="0.038"/>
  <testcase classname="homePage.myTestcases" name="CheckQitagLogo" time="0.079"/>
  <testcase classname="homePage.myTestcases" name="TestHotelTabIsNotSelected" time="0.036"/>
  <testcase classname="homePage.myTestcases" name="CheckDepatureDate" time="0.054"/>
  <testcase classname="homePage.myTestcases" name="RandomlyChangeTheLanguage" time="1.017"/>
  <testcase classname="homePage.myTestcases" name="FillHotelTab" time="0.702"/>
  <testcase classname="homePage.myTestcases" name="RandomlySelectTheNumberOfVistor" time="5.698"/>
  <testcase classname="homePage.myTestcases" name="CheckThePageFullyLoaded" time="10.124"/>
  <testcase classname="homePage.myTestcases" name="SortItemsLowestToHighestPrice" time="0.988"/>
</testsuite> <!-- Default test -->
