<?xml version="1.0" encoding="UTF-8"?>
<testng-results ignored="0" total="11" passed="11" failed="0" skipped="0">
  <reporter-output>
  </reporter-output>
  <suite started-at="2024-08-21T11:15:07 EET" name="Default suite" finished-at="2024-08-21T11:15:29 EET" duration-ms="22629">
    <groups>
    </groups>
    <test started-at="2024-08-21T11:15:07 EET" name="Default test" finished-at="2024-08-21T11:15:29 EET" duration-ms="22629">
      <class name="homePage.myTestcases">
        <test-method is-config="true" signature="mySetup()[pri:0, instance:homePage.myTestcases@4648ce9]" started-at="2024-08-21T11:15:07 EET" name="mySetup" finished-at="2024-08-21T11:15:10 EET" duration-ms="3645" status="PASS">
          <reporter-output>
          </reporter-output>
        </test-method> <!-- mySetup -->
        <test-method signature="CheckTheDefaultLangugeIsEnglish()[pri:1, instance:homePage.myTestcases@4648ce9]" started-at="2024-08-21T11:15:10 EET" name="CheckTheDefaultLangugeIsEnglish" finished-at="2024-08-21T11:15:10 EET" duration-ms="58" status="PASS">
          <reporter-output>
          </reporter-output>
        </test-method> <!-- CheckTheDefaultLangugeIsEnglish -->
        <test-method signature="CheckdefaultCurrency()[pri:2, instance:homePage.myTestcases@4648ce9]" started-at="2024-08-21T11:15:10 EET" name="CheckdefaultCurrency" finished-at="2024-08-21T11:15:10 EET" duration-ms="61" status="PASS">
          <reporter-output>
          </reporter-output>
        </test-method> <!-- CheckdefaultCurrency -->
        <test-method signature="CheckContactNumber()[pri:3, instance:homePage.myTestcases@4648ce9]" started-at="2024-08-21T11:15:10 EET" name="CheckContactNumber" finished-at="2024-08-21T11:15:10 EET" duration-ms="38" status="PASS">
          <reporter-output>
          </reporter-output>
        </test-method> <!-- CheckContactNumber -->
        <test-method signature="CheckQitagLogo()[pri:4, instance:homePage.myTestcases@4648ce9]" started-at="2024-08-21T11:15:10 EET" name="CheckQitagLogo" finished-at="2024-08-21T11:15:11 EET" duration-ms="79" status="PASS">
          <reporter-output>
          </reporter-output>
        </test-method> <!-- CheckQitagLogo -->
        <test-method signature="TestHotelTabIsNotSelected()[pri:5, instance:homePage.myTestcases@4648ce9]" started-at="2024-08-21T11:15:11 EET" name="TestHotelTabIsNotSelected" finished-at="2024-08-21T11:15:11 EET" duration-ms="36" status="PASS">
          <reporter-output>
          </reporter-output>
        </test-method> <!-- TestHotelTabIsNotSelected -->
        <test-method signature="CheckDepatureDate()[pri:6, instance:homePage.myTestcases@4648ce9]" started-at="2024-08-21T11:15:11 EET" name="CheckDepatureDate" finished-at="2024-08-21T11:15:11 EET" duration-ms="54" status="PASS">
          <reporter-output>
          </reporter-output>
        </test-method> <!-- CheckDepatureDate -->
        <test-method signature="RandomlyChangeTheLanguage()[pri:7, instance:homePage.myTestcases@4648ce9]" started-at="2024-08-21T11:15:11 EET" name="RandomlyChangeTheLanguage" finished-at="2024-08-21T11:15:12 EET" duration-ms="1017" status="PASS">
          <reporter-output>
          </reporter-output>
        </test-method> <!-- RandomlyChangeTheLanguage -->
        <test-method signature="FillHotelTab()[pri:8, instance:homePage.myTestcases@4648ce9]" started-at="2024-08-21T11:15:12 EET" name="FillHotelTab" finished-at="2024-08-21T11:15:12 EET" duration-ms="702" status="PASS">
          <reporter-output>
          </reporter-output>
        </test-method> <!-- FillHotelTab -->
        <test-method signature="RandomlySelectTheNumberOfVistor()[pri:9, instance:homePage.myTestcases@4648ce9]" started-at="2024-08-21T11:15:12 EET" name="RandomlySelectTheNumberOfVistor" finished-at="2024-08-21T11:15:18 EET" duration-ms="5698" status="PASS">
          <reporter-output>
          </reporter-output>
        </test-method> <!-- RandomlySelectTheNumberOfVistor -->
        <test-method signature="CheckThePageFullyLoaded()[pri:10, instance:homePage.myTestcases@4648ce9]" started-at="2024-08-21T11:15:18 EET" name="CheckThePageFullyLoaded" finished-at="2024-08-21T11:15:28 EET" duration-ms="10124" status="PASS">
          <reporter-output>
          </reporter-output>
        </test-method> <!-- CheckThePageFullyLoaded -->
        <test-method signature="SortItemsLowestToHighestPrice()[pri:11, instance:homePage.myTestcases@4648ce9]" started-at="2024-08-21T11:15:28 EET" name="SortItemsLowestToHighestPrice" description="wallah jayen nshof eza asghar s3er aqal " finished-at="2024-08-21T11:15:29 EET" duration-ms="988" status="PASS">
          <reporter-output>
          </reporter-output>
        </test-method> <!-- SortItemsLowestToHighestPrice -->
      </class> <!-- homePage.myTestcases -->
    </test> <!-- Default test -->
  </suite> <!-- Default suite -->
</testng-results>
